2022-01-31 13:43:26 info: =================================
2022-01-31 13:43:26 info: ======= ENV: development =======
2022-01-31 13:43:26 info: 🚀 App listening on the port 3000
2022-01-31 13:43:26 info: =================================
2022-01-31 13:44:20 info: [0mGET / [32m200[0m 5.736 ms - 2[0m
2022-01-31 13:44:32 info: [0mGET /users [0m-[0m - ms - -[0m
2022-01-31 13:44:39 error: [GET] /users >> StatusCode:: 500, Message:: Operation `authors.find()` buffering timed out after 10000ms
2022-01-31 13:44:42 error: [GET] /users >> StatusCode:: 500, Message:: Operation `authors.find()` buffering timed out after 10000ms
2022-01-31 13:44:42 info: [0mGET /users [31m500[0m 10007.166 ms - 74[0m
2022-01-31 13:46:15 info: =================================
2022-01-31 13:46:15 info: ======= ENV: development =======
2022-01-31 13:46:15 info: 🚀 App listening on the port 3000
2022-01-31 13:46:15 info: =================================
2022-01-31 13:47:03 info: =================================
2022-01-31 13:47:03 info: ======= ENV: development =======
2022-01-31 13:47:03 info: 🚀 App listening on the port 3000
2022-01-31 13:47:03 info: =================================
2022-01-31 13:47:58 info: =================================
2022-01-31 13:47:58 info: ======= ENV: development =======
2022-01-31 13:47:58 info: 🚀 App listening on the port 3000
2022-01-31 13:47:58 info: =================================
2022-01-31 13:49:54 error: [POST] /users >> StatusCode:: 400, Message:: property employeeCountryCode should not exist, property employeeFirstName should not exist, property employeeEmail should not exist, property employeeLastName should not exist, property employeePhoneNumber should not exist, property clientId should not exist, property titleId should not exist, property employeeRole should not exist, email must be an email, password must be a string, authorName must be a string
2022-01-31 13:49:54 info: [0mPOST /users [33m400[0m 20.139 ms - 427[0m
2022-01-31 13:50:03 error: [POST] /users >> StatusCode:: 400, Message:: email must be an email, password must be a string, authorName must be a string
2022-01-31 13:50:03 info: [0mPOST /users [33m400[0m 1.473 ms - 92[0m
2022-01-31 13:51:01 error: [POST] /signup >> StatusCode:: 400, Message:: email must be an email, password must be a string, authorName must be a string
2022-01-31 13:51:01 info: [0mPOST /signup [33m400[0m 1.206 ms - 92[0m
2022-01-31 13:51:50 info: [0mPOST /signup [32m201[0m 95.005 ms - 186[0m
2022-01-31 13:53:25 info: =================================
2022-01-31 13:53:25 info: ======= ENV: development =======
2022-01-31 13:53:25 info: 🚀 App listening on the port 3000
2022-01-31 13:53:25 info: =================================
2022-01-31 13:53:35 error: [POST] /signup >> StatusCode:: 409, Message:: You're email mts@test.com already exists
2022-01-31 13:53:35 info: [0mPOST /signup [33m409[0m 35.909 ms - 54[0m
2022-01-31 13:53:49 info: [0mPOST /signup [32m201[0m 91.637 ms - 911[0m
2022-01-31 13:56:08 info: =================================
2022-01-31 13:56:08 info: ======= ENV: development =======
2022-01-31 13:56:08 info: 🚀 App listening on the port 3000
2022-01-31 13:56:08 info: =================================
2022-01-31 13:56:14 error: [POST] /signup >> StatusCode:: 409, Message:: You're email mts2@test.com already exists
2022-01-31 13:56:14 info: [0mPOST /signup [33m409[0m 49.618 ms - 55[0m
2022-01-31 13:56:21 info: [0mPOST /signup [32m201[0m 80.650 ms - 106[0m
2022-01-31 13:57:18 info: =================================
2022-01-31 13:57:18 info: ======= ENV: development =======
2022-01-31 13:57:18 info: 🚀 App listening on the port 3000
2022-01-31 13:57:18 info: =================================
2022-01-31 13:57:33 error: [POST] /login >> StatusCode:: 400, Message:: property authorName should not exist
2022-01-31 13:57:33 info: [0mPOST /login [33m400[0m 32.961 ms - 50[0m
2022-01-31 13:57:39 error: [POST] /login >> StatusCode:: 400, Message:: Unexpected token / in JSON at position 58
2022-01-31 13:57:39 info: [0mPOST /login [33m400[0m 8.085 ms - 55[0m
2022-01-31 13:57:54 info: [0mPOST /login [32m200[0m 95.009 ms - 370[0m
2022-01-31 13:59:50 info: =================================
2022-01-31 13:59:50 info: ======= ENV: development =======
2022-01-31 13:59:50 info: 🚀 App listening on the port 3000
2022-01-31 13:59:50 info: =================================
2022-01-31 14:00:37 info: =================================
2022-01-31 14:00:37 info: ======= ENV: development =======
2022-01-31 14:00:37 info: 🚀 App listening on the port 3000
2022-01-31 14:00:37 info: =================================
2022-01-31 14:00:41 info: [0mPOST /login [32m200[0m 107.391 ms - 288[0m
2022-01-31 14:02:27 info: [0mPOST /books [33m404[0m 2.237 ms - 145[0m
2022-01-31 14:02:31 info: [0mPOST /book [33m404[0m 1.092 ms - 144[0m
2022-01-31 14:04:08 info: =================================
2022-01-31 14:04:08 info: ======= ENV: development =======
2022-01-31 14:04:08 info: 🚀 App listening on the port 3000
2022-01-31 14:04:08 info: =================================
2022-01-31 14:04:16 info: [0mPOST /book [33m404[0m 16.759 ms - 144[0m
2022-01-31 14:04:34 error: [POST] /books >> StatusCode:: 400, Message:: property email should not exist, property password should not exist, bookName must be a string, bookDesc must be a string
2022-01-31 14:04:34 info: [0mPOST /books [33m400[0m 26.394 ms - 135[0m
2022-01-31 14:04:40 info: [0mGET /books [32m200[0m 9.291 ms - 31[0m
2022-01-31 14:07:58 info: [0mPOST /books [32m201[0m 59.977 ms - 158[0m
2022-01-31 14:08:08 info: [0mGET /books [32m200[0m 7.639 ms - 160[0m
2022-01-31 14:08:15 error: [POST] /books >> StatusCode:: 409, Message:: Book Name Testbook1 already exists
2022-01-31 14:08:15 info: [0mPOST /books [33m409[0m 8.475 ms - 48[0m
2022-01-31 14:08:22 info: [0mPOST /books [32m201[0m 8.452 ms - 158[0m
2022-01-31 14:08:25 info: [0mGET /books [32m200[0m 6.408 ms - 290[0m
2022-01-31 14:08:39 info: [0mGET /books/61f7ed3e40df8d0092ab4246 [32m200[0m 5.565 ms - 158[0m
2022-01-31 14:08:41 error: [GET] /books/61f7ed3e40df8d0092ab424 >> StatusCode:: 500, Message:: Cast to ObjectId failed for value "61f7ed3e40df8d0092ab424" (type string) at path "_id" for model "Book"
2022-01-31 14:08:41 info: [0mGET /books/61f7ed3e40df8d0092ab424 [31m500[0m 5.623 ms - 124[0m
2022-01-31 14:08:49 info: [0mGET /books/61f7ed3e40df8d0092ab4246 [32m200[0m 7.539 ms - 158[0m
2022-01-31 14:09:30 info: [0mGET /books/61f7ed3e40df8d0092ab4246 [32m200[0m 6.082 ms - 158[0m
2022-01-31 14:09:33 error: [GET] /books/61f7ed3e40df8d0092ab424 >> StatusCode:: 500, Message:: Cast to ObjectId failed for value "61f7ed3e40df8d0092ab424" (type string) at path "_id" for model "Book"
2022-01-31 14:09:33 info: [0mGET /books/61f7ed3e40df8d0092ab424 [31m500[0m 4.094 ms - 124[0m
2022-01-31 14:09:42 info: [0mGET /books/61f7ed3e40df8d0092ab4246 [32m200[0m 6.546 ms - 158[0m
2022-01-31 14:10:02 info: =================================
2022-01-31 14:10:02 info: ======= ENV: development =======
2022-01-31 14:10:02 info: 🚀 App listening on the port 3000
2022-01-31 14:10:02 info: =================================
2022-01-31 14:10:07 info: [0mGET /books/61f7ed3e40df8d0092ab4246 [32m200[0m 33.653 ms - 158[0m
2022-01-31 14:10:10 error: [GET] /books/61f7ed3e40df8d0092ab424 >> StatusCode:: 500, Message:: Something went wrong
2022-01-31 14:10:10 info: [0mGET /books/61f7ed3e40df8d0092ab424 [31m500[0m 6.345 ms - 34[0m
2022-01-31 14:10:16 info: [0mGET /books/61f7ed3e40df8d0092ab4246 [32m200[0m 8.511 ms - 158[0m
2022-01-31 14:11:13 error: [GET] /books/61f7ed3e40df8d0092ab424 >> StatusCode:: 500, Message:: Something went wrong
2022-01-31 14:11:13 info: [0mGET /books/61f7ed3e40df8d0092ab424 [31m500[0m 7.918 ms - 34[0m
2022-01-31 14:11:25 info: =================================
2022-01-31 14:11:25 info: ======= ENV: development =======
2022-01-31 14:11:25 info: 🚀 App listening on the port 3000
2022-01-31 14:11:25 info: =================================
2022-01-31 14:11:53 error: [PUT] /books/61f7ed3e40df8d0092ab424 >> StatusCode:: 500, Message:: Cast to ObjectId failed for value "61f7ed3e40df8d0092ab424" (type string) at path "_id" for model "Book"
2022-01-31 14:11:53 info: [0mPUT /books/61f7ed3e40df8d0092ab424 [31m500[0m 40.278 ms - 124[0m
2022-01-31 14:11:59 info: [0mPUT /books/61f7ed3e40df8d0092ab4246 [32m200[0m 18.002 ms - 158[0m
2022-01-31 14:12:53 info: [0mPUT /books/61f7ed3e40df8d0092ab4246 [32m200[0m 8.672 ms - 159[0m
2022-01-31 14:13:11 info: [0mPUT /books/61f7ed3e40df8d0092ab4246 [32m200[0m 9.696 ms - 159[0m
2022-01-31 14:13:19 info: [0mGET /books/61f7ed3e40df8d0092ab4246 [32m200[0m 7.154 ms - 165[0m
2022-01-31 14:14:26 info: =================================
2022-01-31 14:14:26 info: ======= ENV: development =======
2022-01-31 14:14:26 info: 🚀 App listening on the port 3000
2022-01-31 14:14:26 info: =================================
2022-01-31 14:14:43 info: [0mPUT /books/61f7ed3e40df8d0092ab4246 [32m200[0m 59.769 ms - 93[0m
2022-01-31 14:14:48 info: [0mGET /books/61f7ed3e40df8d0092ab4246 [32m200[0m 12.353 ms - 166[0m
2022-01-31 14:15:10 info: [0mDELETE /books/61f7ed3e40df8d0092ab4246 [32m200[0m 11.852 ms - 166[0m
2022-01-31 14:15:16 error: [GET] /books/61f7ed3e40df8d0092ab4246 >> StatusCode:: 500, Message:: Something went wrong
2022-01-31 14:15:16 info: [0mGET /books/61f7ed3e40df8d0092ab4246 [31m500[0m 9.107 ms - 34[0m
2022-01-31 14:15:23 info: [0mGET /books/ [32m200[0m 6.364 ms - 160[0m
2022-01-31 14:15:33 info: [0mGET /books/61f7ed5640df8d0092ab424e [32m200[0m 5.832 ms - 158[0m
2022-01-31 14:15:56 info: [0mGET /books/61f7ed5640df8d0092ab424e [32m200[0m 5.794 ms - 158[0m
2022-01-31 14:16:38 info: [0mPOST /login [32m200[0m 74.033 ms - 286[0m
2022-01-31 14:16:57 error: [GET] /books/61f7ed5640df8d0092ab424e >> StatusCode:: 500, Message:: Something went wrong
2022-01-31 14:16:57 info: [0mGET /books/61f7ed5640df8d0092ab424e [31m500[0m 7.262 ms - 34[0m
2022-01-31 14:17:06 error: [GET] /books/61f7ed5640df8d0092ab424e >> StatusCode:: 500, Message:: Something went wrong
2022-01-31 14:17:06 info: [0mGET /books/61f7ed5640df8d0092ab424e [31m500[0m 7.198 ms - 34[0m
2022-01-31 14:17:10 error: [GET] /books/61f7ed5640df8d0092ab424e >> StatusCode:: 500, Message:: Something went wrong
2022-01-31 14:17:10 info: [0mGET /books/61f7ed5640df8d0092ab424e [31m500[0m 6.380 ms - 34[0m
2022-01-31 14:18:06 info: =================================
2022-01-31 14:18:06 info: ======= ENV: development =======
2022-01-31 14:18:06 info: 🚀 App listening on the port 3000
2022-01-31 14:18:06 info: =================================
2022-01-31 14:18:07 error: [GET] /books/61f7ed5640df8d0092ab424e >> StatusCode:: 409, Message:: Unauthorized
2022-01-31 14:18:07 info: [0mGET /books/61f7ed5640df8d0092ab424e [33m409[0m 39.592 ms - 26[0m
2022-01-31 14:18:51 error: [GET] /books/61f7ed5640df8d0092ab424e >> StatusCode:: 409, Message:: Unauthorized
2022-01-31 14:18:51 info: [0mGET /books/61f7ed5640df8d0092ab424e [33m409[0m 10.961 ms - 26[0m
2022-01-31 14:18:54 error: [GET] /books/61f7ed5640df8d0092ab424 >> StatusCode:: 500, Message:: Cast to ObjectId failed for value "61f7ed5640df8d0092ab424" (type string) at path "_id" for model "Book"
2022-01-31 14:18:54 info: [0mGET /books/61f7ed5640df8d0092ab424 [31m500[0m 6.721 ms - 124[0m
2022-01-31 14:19:06 error: [GET] /books/61f7ed5640df8d0092ab424e >> StatusCode:: 409, Message:: Unauthorized
2022-01-31 14:19:06 info: [0mGET /books/61f7ed5640df8d0092ab424e [33m409[0m 6.498 ms - 26[0m
2022-01-31 14:20:35 info: =================================
2022-01-31 14:20:35 info: ======= ENV: development =======
2022-01-31 14:20:35 info: 🚀 App listening on the port 3000
2022-01-31 14:20:35 info: =================================
2022-01-31 14:20:38 error: [GET] /books/61f7ed5640df8d0092ab424e >> StatusCode:: 500, Message:: Invalid
2022-01-31 14:20:38 info: [0mGET /books/61f7ed5640df8d0092ab424e [31m500[0m 39.614 ms - 21[0m
2022-01-31 14:20:54 info: =================================
2022-01-31 14:20:54 info: ======= ENV: development =======
2022-01-31 14:20:54 info: 🚀 App listening on the port 3000
2022-01-31 14:20:54 info: =================================
2022-01-31 14:22:33 info: =================================
2022-01-31 14:22:33 info: ======= ENV: development =======
2022-01-31 14:22:33 info: 🚀 App listening on the port 3000
2022-01-31 14:22:33 info: =================================
2022-01-31 14:22:37 error: [GET] /books/61f7ed5640df8d0092ab424e >> StatusCode:: 500, Message:: Invalid bookId
2022-01-31 14:22:37 info: [0mGET /books/61f7ed5640df8d0092ab424e [31m500[0m 47.230 ms - 28[0m
2022-01-31 14:22:40 error: [DELETE] /books/61f7ed5640df8d0092ab424e >> StatusCode:: 500, Message:: invalid book id
2022-01-31 14:22:40 info: [0mDELETE /books/61f7ed5640df8d0092ab424e [31m500[0m 9.794 ms - 29[0m
2022-01-31 14:22:44 error: [DELETE] /books/61f7ed5640df8d0092ab424 >> StatusCode:: 500, Message:: invalid book id
2022-01-31 14:22:44 info: [0mDELETE /books/61f7ed5640df8d0092ab424 [31m500[0m 5.212 ms - 29[0m
2022-01-31 14:22:48 error: [DELETE] /books/61f7ed3e40df8d0092ab4246 >> StatusCode:: 500, Message:: invalid book id
2022-01-31 14:22:48 info: [0mDELETE /books/61f7ed3e40df8d0092ab4246 [31m500[0m 13.865 ms - 29[0m
2022-01-31 14:22:56 error: [GET] /books/61f7ed3e40df8d0092ab4246 >> StatusCode:: 500, Message:: Invalid bookId
2022-01-31 14:22:56 info: [0mGET /books/61f7ed3e40df8d0092ab4246 [31m500[0m 7.212 ms - 28[0m
2022-01-31 14:23:00 info: [0mGET /books/ [32m200[0m 7.377 ms - 31[0m
2022-01-31 14:52:31 info: =================================
2022-01-31 14:52:31 info: ======= ENV: development =======
2022-01-31 14:52:31 info: 🚀 App listening on the port 3000
2022-01-31 14:52:31 info: =================================
2022-01-31 14:52:41 info: [0mGET /api-docs [36m301[0m 8.593 ms - 183[0m
2022-01-31 14:52:41 info: [0mGET /api-docs/ [32m200[0m 5.769 ms - -[0m
2022-01-31 14:52:41 info: [0mGET /api-docs/swagger-ui-init.js [32m200[0m 0.716 ms - -[0m
2022-01-31 14:52:41 info: [0mGET /api-docs/swagger-ui.css [32m200[0m 7.768 ms - -[0m
2022-01-31 14:52:41 info: [0mGET /api-docs/swagger-ui-standalone-preset.js [32m200[0m 11.429 ms - -[0m
2022-01-31 14:52:41 info: [0mGET /api-docs/swagger-ui-bundle.js [32m200[0m 7.797 ms - -[0m
2022-01-31 14:52:42 info: [0mGET /api-docs/favicon-32x32.png [32m200[0m 0.895 ms - 628[0m
2022-01-31 14:53:42 info: =================================
2022-01-31 14:53:42 info: ======= ENV: development =======
2022-01-31 14:53:42 info: 🚀 App listening on the port 3000
2022-01-31 14:53:42 info: =================================
2022-01-31 14:53:46 info: [0mGET /api-docs/ [36m304[0m 6.564 ms - -[0m
2022-01-31 14:53:46 info: [0mGET /api-docs/swagger-ui.css [36m304[0m 4.934 ms - -[0m
2022-01-31 14:53:46 info: [0mGET /api-docs/swagger-ui-bundle.js [36m304[0m 4.857 ms - -[0m
2022-01-31 14:53:46 info: [0mGET /api-docs/swagger-ui-standalone-preset.js [36m304[0m 7.757 ms - -[0m
2022-01-31 14:53:46 info: [0mGET /api-docs/swagger-ui-init.js [32m200[0m 5.104 ms - -[0m
2022-01-31 14:53:47 info: [0mGET /api-docs/favicon-32x32.png [36m304[0m 0.603 ms - -[0m
2022-01-31 14:56:58 info: =================================
2022-01-31 14:56:58 info: ======= ENV: development =======
2022-01-31 14:56:58 info: 🚀 App listening on the port 3000
2022-01-31 14:56:58 info: =================================
2022-01-31 14:57:14 info: [0mGET /api-docs/ [36m304[0m 8.245 ms - -[0m
2022-01-31 14:57:14 info: [0mGET /api-docs/swagger-ui.css [36m304[0m 7.517 ms - -[0m
2022-01-31 14:57:14 info: [0mGET /api-docs/swagger-ui-bundle.js [36m304[0m 7.663 ms - -[0m
2022-01-31 14:57:14 info: [0mGET /api-docs/swagger-ui-standalone-preset.js [36m304[0m 9.250 ms - -[0m
2022-01-31 14:57:14 info: [0mGET /api-docs/swagger-ui-init.js [32m200[0m 2.798 ms - -[0m
2022-01-31 14:57:14 info: [0mGET /api-docs/favicon-32x32.png [36m304[0m 0.951 ms - -[0m
2022-01-31 14:58:17 info: =================================
2022-01-31 14:58:17 info: ======= ENV: development =======
2022-01-31 14:58:17 info: 🚀 App listening on the port 3000
2022-01-31 14:58:17 info: =================================
2022-01-31 14:58:22 info: [0mGET /api-docs/ [36m304[0m 10.855 ms - -[0m
2022-01-31 14:58:22 info: [0mGET /api-docs/swagger-ui.css [36m304[0m 8.991 ms - -[0m
2022-01-31 14:58:22 info: [0mGET /api-docs/swagger-ui-bundle.js [36m304[0m 8.704 ms - -[0m
2022-01-31 14:58:22 info: [0mGET /api-docs/swagger-ui-standalone-preset.js [36m304[0m 9.530 ms - -[0m
2022-01-31 14:58:22 info: [0mGET /api-docs/swagger-ui-init.js [32m200[0m 3.438 ms - -[0m
2022-01-31 14:58:22 info: [0mGET /api-docs/favicon-32x32.png [36m304[0m 1.139 ms - -[0m
2022-01-31 14:59:38 info: =================================
2022-01-31 14:59:38 info: ======= ENV: development =======
2022-01-31 14:59:38 info: 🚀 App listening on the port 3000
2022-01-31 14:59:38 info: =================================
2022-01-31 14:59:41 info: [0mGET /api-docs/ [36m304[0m 8.832 ms - -[0m
2022-01-31 14:59:41 info: [0mGET /api-docs/swagger-ui.css [36m304[0m 5.043 ms - -[0m
2022-01-31 14:59:41 info: [0mGET /api-docs/swagger-ui-bundle.js [36m304[0m 4.252 ms - -[0m
2022-01-31 14:59:41 info: [0mGET /api-docs/swagger-ui-standalone-preset.js [36m304[0m 9.911 ms - -[0m
2022-01-31 14:59:41 info: [0mGET /api-docs/swagger-ui-init.js [32m200[0m 6.659 ms - -[0m
2022-01-31 14:59:41 info: [0mGET /api-docs/favicon-32x32.png [36m304[0m 1.663 ms - -[0m
2022-01-31 15:00:11 info: [0mPOST /signup [32m201[0m 106.975 ms - 114[0m
2022-01-31 15:00:50 error: [POST] /login >> StatusCode:: 409, Message:: You're password not matching
2022-01-31 15:00:50 info: [0mPOST /login [33m409[0m 76.491 ms - 42[0m
2022-01-31 15:00:59 info: [0mPOST /login [32m200[0m 72.196 ms - 296[0m
2022-01-31 15:01:33 info: [0mPOST /books [32m201[0m 59.634 ms - 150[0m
2022-01-31 15:01:45 info: [0mGET /books [32m200[0m 8.370 ms - 152[0m
2022-01-31 15:02:22 info: [0mGET /books/61f7f9cde78dbf0073d63809 [32m200[0m 7.031 ms - 150[0m
